  Source.cpp
D:\Hackathon\Hackathon_Day1\Project1\Project1\GameManager.h(131,47): warning C4244: '=': conversion from 'T' to 'T', possible loss of data
D:\Hackathon\Hackathon_Day1\Project1\Project1\GameManager.h(131,47): warning C4244:         with
D:\Hackathon\Hackathon_Day1\Project1\Project1\GameManager.h(131,47): warning C4244:         [
D:\Hackathon\Hackathon_Day1\Project1\Project1\GameManager.h(131,47): warning C4244:             T=unsigned int
D:\Hackathon\Hackathon_Day1\Project1\Project1\GameManager.h(131,47): warning C4244:         ]
D:\Hackathon\Hackathon_Day1\Project1\Project1\GameManager.h(131,47): warning C4244:         and
D:\Hackathon\Hackathon_Day1\Project1\Project1\GameManager.h(131,47): warning C4244:         [
D:\Hackathon\Hackathon_Day1\Project1\Project1\GameManager.h(131,47): warning C4244:             T=float
D:\Hackathon\Hackathon_Day1\Project1\Project1\GameManager.h(131,47): warning C4244:         ]
  (compiling source file 'Source.cpp')
  
D:\Hackathon\Hackathon_Day1\Project1\Project1\GameManager.h(133,47): warning C4244: '=': conversion from 'T' to 'T', possible loss of data
D:\Hackathon\Hackathon_Day1\Project1\Project1\GameManager.h(133,47): warning C4244:         with
D:\Hackathon\Hackathon_Day1\Project1\Project1\GameManager.h(133,47): warning C4244:         [
D:\Hackathon\Hackathon_Day1\Project1\Project1\GameManager.h(133,47): warning C4244:             T=unsigned int
D:\Hackathon\Hackathon_Day1\Project1\Project1\GameManager.h(133,47): warning C4244:         ]
D:\Hackathon\Hackathon_Day1\Project1\Project1\GameManager.h(133,47): warning C4244:         and
D:\Hackathon\Hackathon_Day1\Project1\Project1\GameManager.h(133,47): warning C4244:         [
D:\Hackathon\Hackathon_Day1\Project1\Project1\GameManager.h(133,47): warning C4244:             T=float
D:\Hackathon\Hackathon_Day1\Project1\Project1\GameManager.h(133,47): warning C4244:         ]
  (compiling source file 'Source.cpp')
  
D:\Hackathon\Hackathon_Day1\Project1\Project1\GameManager.h(354,56): warning C4244: 'argument': conversion from 'float' to 'unsigned int', possible loss of data
  (compiling source file 'Source.cpp')
  
D:\Hackathon\Hackathon_Day1\Project1\Project1\Source.cpp(170,52): warning C4244: 'argument': conversion from 'size_t' to 'T', possible loss of data
D:\Hackathon\Hackathon_Day1\Project1\Project1\Source.cpp(170,52): warning C4244:         with
D:\Hackathon\Hackathon_Day1\Project1\Project1\Source.cpp(170,52): warning C4244:         [
D:\Hackathon\Hackathon_Day1\Project1\Project1\Source.cpp(170,52): warning C4244:             T=float
D:\Hackathon\Hackathon_Day1\Project1\Project1\Source.cpp(170,52): warning C4244:         ]
D:\Hackathon\Hackathon_Day1\Project1\Project1\Source.cpp(191,24): warning C4267: 'return': conversion from 'size_t' to 'int', possible loss of data
D:\Hackathon\Hackathon_Day1\Project1\Project1\Source.cpp(237,76): warning C4244: 'argument': conversion from 'T' to 'T', possible loss of data
D:\Hackathon\Hackathon_Day1\Project1\Project1\Source.cpp(237,76): warning C4244:         with
D:\Hackathon\Hackathon_Day1\Project1\Project1\Source.cpp(237,76): warning C4244:         [
D:\Hackathon\Hackathon_Day1\Project1\Project1\Source.cpp(237,76): warning C4244:             T=unsigned int
D:\Hackathon\Hackathon_Day1\Project1\Project1\Source.cpp(237,76): warning C4244:         ]
D:\Hackathon\Hackathon_Day1\Project1\Project1\Source.cpp(237,76): warning C4244:         and
D:\Hackathon\Hackathon_Day1\Project1\Project1\Source.cpp(237,76): warning C4244:         [
D:\Hackathon\Hackathon_Day1\Project1\Project1\Source.cpp(237,76): warning C4244:             T=float
D:\Hackathon\Hackathon_Day1\Project1\Project1\Source.cpp(237,76): warning C4244:         ]
D:\Hackathon\Hackathon_Day1\Project1\Project1\Source.cpp(237,52): warning C4244: 'argument': conversion from 'T' to 'T', possible loss of data
D:\Hackathon\Hackathon_Day1\Project1\Project1\Source.cpp(237,52): warning C4244:         with
D:\Hackathon\Hackathon_Day1\Project1\Project1\Source.cpp(237,52): warning C4244:         [
D:\Hackathon\Hackathon_Day1\Project1\Project1\Source.cpp(237,52): warning C4244:             T=unsigned int
D:\Hackathon\Hackathon_Day1\Project1\Project1\Source.cpp(237,52): warning C4244:         ]
D:\Hackathon\Hackathon_Day1\Project1\Project1\Source.cpp(237,52): warning C4244:         and
D:\Hackathon\Hackathon_Day1\Project1\Project1\Source.cpp(237,52): warning C4244:         [
D:\Hackathon\Hackathon_Day1\Project1\Project1\Source.cpp(237,52): warning C4244:             T=float
D:\Hackathon\Hackathon_Day1\Project1\Project1\Source.cpp(237,52): warning C4244:         ]
D:\Hackathon\Hackathon_Day1\Project1\Project1\Source.cpp(263,56): warning C4244: 'argument': conversion from 'size_t' to 'T', possible loss of data
D:\Hackathon\Hackathon_Day1\Project1\Project1\Source.cpp(263,56): warning C4244:         with
D:\Hackathon\Hackathon_Day1\Project1\Project1\Source.cpp(263,56): warning C4244:         [
D:\Hackathon\Hackathon_Day1\Project1\Project1\Source.cpp(263,56): warning C4244:             T=float
D:\Hackathon\Hackathon_Day1\Project1\Project1\Source.cpp(263,56): warning C4244:         ]
D:\Hackathon\Hackathon_Day1\Project1\Project1\Source.cpp(311,49): warning C4267: 'argument': conversion from 'size_t' to 'int', possible loss of data
D:\Hackathon\Hackathon_Day1\Project1\Project1\Source.cpp(322,70): warning C4244: 'argument': conversion from 'unsigned int' to 'T', possible loss of data
D:\Hackathon\Hackathon_Day1\Project1\Project1\Source.cpp(322,70): warning C4244:         with
D:\Hackathon\Hackathon_Day1\Project1\Project1\Source.cpp(322,70): warning C4244:         [
D:\Hackathon\Hackathon_Day1\Project1\Project1\Source.cpp(322,70): warning C4244:             T=float
D:\Hackathon\Hackathon_Day1\Project1\Project1\Source.cpp(322,70): warning C4244:         ]
D:\Hackathon\Hackathon_Day1\Project1\Project1\Source.cpp(322,52): warning C4244: 'argument': conversion from 'unsigned int' to 'T', possible loss of data
D:\Hackathon\Hackathon_Day1\Project1\Project1\Source.cpp(322,52): warning C4244:         with
D:\Hackathon\Hackathon_Day1\Project1\Project1\Source.cpp(322,52): warning C4244:         [
D:\Hackathon\Hackathon_Day1\Project1\Project1\Source.cpp(322,52): warning C4244:             T=float
D:\Hackathon\Hackathon_Day1\Project1\Project1\Source.cpp(322,52): warning C4244:         ]
D:\Hackathon\Hackathon_Day1\Project1\Project1\Source.cpp(417,29): warning C4244: 'initializing': conversion from 'double' to 'float', possible loss of data
D:\Hackathon\Hackathon_Day1\Project1\Project1\Source.cpp(425,36): warning C4244: 'initializing': conversion from 'double' to 'float', possible loss of data
  Project1.vcxproj -> D:\Hackathon\Hackathon_Day1\Project1\x64\Debug\Project1.exe
